%!Adobe-FontList 1.25
%Locale:0x409

%BeginFont
Handler:DirectoryHandler
FontType:Invalid
OutlineFileName:/Users/jesus/Documents/GitHub/Cursos IA Avanzado/Carpeta Curso_IA_Avanzado/Document fonts/AdobeFnt25.lst
FileLength:6770
FileModTime:799868102
%EndFont

%BeginFont
Handler:DirectoryHandler
FontType:TrueType
FontName:Kurdis-Black
FamilyName:Kurdis
StyleName:Black
MenuName:Kurdis Bold
StyleBits:2
WeightClass:900
WidthClass:5
AngleClass:0
FullName:Kurdis Black
WritingScript:Roman
OutlineFileName:/Users/jesus/Documents/GitHub/Cursos IA Avanzado/Carpeta Curso_IA_Avanzado/Document fonts/Kurdis-Black.ttf
DataFormat:sfntData
hasSVG:no
hasSBIX:no
hasCOLR:no
VariableFontType:NonVariableFont
FileLength:75696
FileModTime:799858731
NameArray:0,Mac,4,Kurdis Black
NameArray:0,Win,1,Kurdis Bold
NameArray:0,Win,16,Kurdis
%EndFont

%BeginFont
Handler:DirectoryHandler
FontType:TrueType
FontName:Kurdis-Bold
FamilyName:Kurdis
StyleName:Bold
MenuName:Kurdis
StyleBits:2
WeightClass:700
WidthClass:5
AngleClass:0
FullName:Kurdis Bold
WritingScript:Roman
OutlineFileName:/Users/jesus/Documents/GitHub/Cursos IA Avanzado/Carpeta Curso_IA_Avanzado/Document fonts/Kurdis-Bold.ttf
DataFormat:sfntData
hasSVG:no
hasSBIX:no
hasCOLR:no
VariableFontType:NonVariableFont
FileLength:81080
FileModTime:799858731
NameArray:0,Mac,4,Kurdis Bold
NameArray:0,Win,1,Kurdis
NameArray:0,Win,16,Kurdis
%EndFont

%BeginFont
Handler:DirectoryHandler
FontType:TrueType
FontName:Kurdis-ExtraBold
FamilyName:Kurdis
StyleName:ExtraBold
MenuName:Kurdis SemiBold
StyleBits:2
WeightClass:800
WidthClass:5
AngleClass:0
FullName:Kurdis ExtraBold
WritingScript:Roman
OutlineFileName:/Users/jesus/Documents/GitHub/Cursos IA Avanzado/Carpeta Curso_IA_Avanzado/Document fonts/Kurdis-ExtraBold.ttf
DataFormat:sfntData
hasSVG:no
hasSBIX:no
hasCOLR:no
VariableFontType:NonVariableFont
FileLength:80584
FileModTime:799858731
NameArray:0,Mac,4,Kurdis ExtraBold
NameArray:0,Win,1,Kurdis SemiBold
NameArray:0,Win,16,Kurdis
%EndFont

%BeginFont
Handler:DirectoryHandler
FontType:Type1
FontName:MinionPro-Regular
FamilyName:Minion Pro
StyleName:Regular
MenuName:Minion Pro
StyleBits:0
WeightClass:400
WidthClass:5
AngleClass:0
FullName:Minion Pro
WritingScript:Roman
OutlineFileName:/Users/jesus/Documents/GitHub/Cursos IA Avanzado/Carpeta Curso_IA_Avanzado/Document fonts/MinionPro-Regular.otf
DataFormat:sfntData
UsesStandardEncoding:yes
isCFF:yes
hasSVG:no
hasSBIX:no
hasCOLR:no
VariableFontType:NonVariableFont
FileLength:235436
FileModTime:799770988
DesignSize:110
NameArray:0,Mac,4,Minion Pro
NameArray:0,Win,1,Minion Pro
%EndFont

%BeginFont
Handler:DirectoryHandler
FontType:TrueType
FontName:Nohemi-Black
FamilyName:Nohemi
StyleName:Black
MenuName:Nohemi Black
StyleBits:0
WeightClass:900
WidthClass:5
AngleClass:0
FullName:Nohemi Black
WritingScript:Roman
OutlineFileName:/Users/jesus/Documents/GitHub/Cursos IA Avanzado/Carpeta Curso_IA_Avanzado/Document fonts/Nohemi-Black.ttf
DataFormat:sfntData
hasSVG:no
hasSBIX:no
hasCOLR:no
VariableFontType:NonVariableFont
FileLength:56400
FileModTime:799770988
NameArray:0,Mac,4,Nohemi Black
NameArray:0,Win,1,Nohemi Black
NameArray:0,Win,16,Nohemi
%EndFont

%BeginFont
Handler:DirectoryHandler
FontType:TrueType
FontName:Nohemi-Bold
FamilyName:Nohemi
StyleName:Bold
MenuName:Nohemi
StyleBits:2
WeightClass:700
WidthClass:5
AngleClass:0
FullName:Nohemi Bold
WritingScript:Roman
OutlineFileName:/Users/jesus/Documents/GitHub/Cursos IA Avanzado/Carpeta Curso_IA_Avanzado/Document fonts/Nohemi-Bold.ttf
DataFormat:sfntData
hasSVG:no
hasSBIX:no
hasCOLR:no
VariableFontType:NonVariableFont
FileLength:56760
FileModTime:799770991
NameArray:0,Mac,4,Nohemi Bold
NameArray:0,Win,1,Nohemi
%EndFont

%BeginFont
Handler:DirectoryHandler
FontType:TrueType
FontName:Nohemi-ExtraBold
FamilyName:Nohemi
StyleName:Extra Bold
MenuName:Nohemi ExtBd
StyleBits:0
WeightClass:800
WidthClass:5
AngleClass:0
FullName:Nohemi Extra Bold
WritingScript:Roman
OutlineFileName:/Users/jesus/Documents/GitHub/Cursos IA Avanzado/Carpeta Curso_IA_Avanzado/Document fonts/Nohemi-ExtraBold.ttf
DataFormat:sfntData
hasSVG:no
hasSBIX:no
hasCOLR:no
VariableFontType:NonVariableFont
FileLength:56800
FileModTime:799770985
NameArray:0,Mac,4,Nohemi Extra Bold
NameArray:0,Win,1,Nohemi ExtBd
NameArray:0,Win,16,Nohemi
%EndFont

%BeginFont
Handler:DirectoryHandler
FontType:TrueType
FontName:Nohemi-Light
FamilyName:Nohemi
StyleName:Light
MenuName:Nohemi Light
StyleBits:0
WeightClass:300
WidthClass:5
AngleClass:0
FullName:Nohemi Light
WritingScript:Roman
OutlineFileName:/Users/jesus/Documents/GitHub/Cursos IA Avanzado/Carpeta Curso_IA_Avanzado/Document fonts/Nohemi-Light.ttf
DataFormat:sfntData
hasSVG:no
hasSBIX:no
hasCOLR:no
VariableFontType:NonVariableFont
FileLength:56736
FileModTime:799770987
NameArray:0,Mac,4,Nohemi Light
NameArray:0,Win,1,Nohemi Light
NameArray:0,Win,16,Nohemi
%EndFont

%BeginFont
Handler:DirectoryHandler
FontType:TrueType
FontName:Nohemi-Regular
FamilyName:Nohemi
StyleName:Regular
MenuName:Nohemi
StyleBits:0
WeightClass:400
WidthClass:5
AngleClass:0
FullName:Nohemi Regular
WritingScript:Roman
OutlineFileName:/Users/jesus/Documents/GitHub/Cursos IA Avanzado/Carpeta Curso_IA_Avanzado/Document fonts/Nohemi-Regular.ttf
DataFormat:sfntData
hasSVG:no
hasSBIX:no
hasCOLR:no
VariableFontType:NonVariableFont
FileLength:56736
FileModTime:799770988
NameArray:0,Mac,4,Nohemi Regular
NameArray:0,Win,1,Nohemi
%EndFont

%BeginFont
Handler:DirectoryHandler
FontType:TrueType
FontName:SpaceMono-Bold
FamilyName:Space Mono
StyleName:Bold
MenuName:Space Mono
StyleBits:2
WeightClass:700
WidthClass:5
AngleClass:0
FullName:Space Mono Bold
WritingScript:Roman
OutlineFileName:/Users/jesus/Documents/GitHub/Cursos IA Avanzado/Carpeta Curso_IA_Avanzado/Document fonts/SpaceMono-Bold.ttf
DataFormat:sfntData
hasSVG:no
hasSBIX:no
hasCOLR:no
VariableFontType:NonVariableFont
FileLength:86740
FileModTime:487634400
NameArray:0,Win,1,Space Mono
%EndFont

%BeginFont
Handler:DirectoryHandler
FontType:TrueType
FontName:SpaceMono-Italic
FamilyName:Space Mono
StyleName:Italic
MenuName:Space Mono
StyleBits:1
WeightClass:400
WidthClass:5
AngleClass:1
FullName:Space Mono Italic
WritingScript:Roman
OutlineFileName:/Users/jesus/Documents/GitHub/Cursos IA Avanzado/Carpeta Curso_IA_Avanzado/Document fonts/SpaceMono-Italic.ttf
DataFormat:sfntData
hasSVG:no
hasSBIX:no
hasCOLR:no
VariableFontType:NonVariableFont
FileLength:112912
FileModTime:799857101
NameArray:0,Win,1,Space Mono
%EndFont

%BeginFont
Handler:DirectoryHandler
FontType:TrueType
FontName:SpaceMono-Regular
FamilyName:Space Mono
StyleName:Regular
MenuName:Space Mono
StyleBits:0
WeightClass:400
WidthClass:5
AngleClass:0
FullName:Space Mono Regular
WritingScript:Roman
OutlineFileName:/Users/jesus/Documents/GitHub/Cursos IA Avanzado/Carpeta Curso_IA_Avanzado/Document fonts/SpaceMono-Regular.ttf
DataFormat:sfntData
hasSVG:no
hasSBIX:no
hasCOLR:no
VariableFontType:NonVariableFont
FileLength:98320
FileModTime:799857101
NameArray:0,Win,1,Space Mono
%EndFont

